<?xml version="1.0" encoding="UTF-8"?>
<Site BuildName="(empty)"
	BuildStamp="20241118-2031-Experimental"
	Name="(empty)"
	Generator="ctest-3.31.0-rc2"
	CompilerName=""
	CompilerVersion=""
	OSName="Windows"
	Hostname="DESKTOP-KDRLEOP"
	OSRelease=" Professional"
	OSVersion=" (Build 19045)"
	OSPlatform="AMD64"
	Is64Bits="1"
	VendorString="GenuineIntel"
	VendorID="Intel Corporation"
	FamilyID="6"
	ModelID="12"
	ModelName=""
	ProcessorCacheSize="-1"
	NumberOfLogicalCPU="8"
	NumberOfPhysicalCPU="4"
	TotalVirtualMemory="21047"
	TotalPhysicalMemory="16167"
	LogicalProcessorsPerPhysical="2"
	ProcessorClockFrequency="2803"
	>
	<Testing>
		<StartDateTime>Nov 19 01:15 Գ[NON-UTF-8-BYTE-0xED][NON-UTF-8-BYTE-0xEB][NON-UTF-8-BYTE-0xFF][NON-UTF-8-BYTE-0xED][NON-UTF-8-BYTE-0xE4][NON-UTF-8-BYTE-0xB3][NON-UTF-8-BYTE-0xFF] ([NON-UTF-8-BYTE-0xE7][NON-UTF-8-BYTE-0xE8][NON-UTF-8-BYTE-0xEC][NON-UTF-8-BYTE-0xE0])</StartDateTime>
		<StartTestTime>1731971741</StartTestTime>
		<TestList/>
		<EndDateTime>Nov 19 01:15 Գ[NON-UTF-8-BYTE-0xED][NON-UTF-8-BYTE-0xEB][NON-UTF-8-BYTE-0xFF][NON-UTF-8-BYTE-0xED][NON-UTF-8-BYTE-0xE4][NON-UTF-8-BYTE-0xB3][NON-UTF-8-BYTE-0xFF] ([NON-UTF-8-BYTE-0xE7][NON-UTF-8-BYTE-0xE8][NON-UTF-8-BYTE-0xEC][NON-UTF-8-BYTE-0xE0])</EndDateTime>
		<EndTestTime>1731971741</EndTestTime>
		<ElapsedMinutes>0</ElapsedMinutes>
	</Testing>
</Site>
